Log file open, 04/19/20 12:07:52
LogWindows: Failed to load 'aqProf.dll' (GetLastError=126)
LogWindows: File 'aqProf.dll' does not exist
LogWindows: Failed to load 'VtuneApi.dll' (GetLastError=126)
LogWindows: File 'VtuneApi.dll' does not exist
LogWindows: Failed to load 'VtuneApi32e.dll' (GetLastError=126)
LogWindows: File 'VtuneApi32e.dll' does not exist
LogConsoleResponse: Display: Failed to find resolution value strings in scalability ini. Falling back to default.
LogInit: Display: Running engine for game: CORONA
LogPlatformFile: Not using cached read wrapper
LogTaskGraph: Started task graph with 5 named threads and 23 total threads with 3 sets of task threads.
LogStats: Stats thread started at 0.155807
LogD3D11RHI: Loaded GFSDK_Aftermath_Lib.x64.dll
LogICUInternationalization: ICU TimeZone Detection - Raw Offset: +1:00, Platform Override: ''
LogPluginManager: Mounting plugin Paper2D
LogPluginManager: Mounting plugin AISupport
LogPluginManager: Mounting plugin LightPropagationVolume
LogPluginManager: Mounting plugin ActorLayerUtilities
LogPluginManager: Mounting plugin AnimationSharing
LogPluginManager: Mounting plugin CLionSourceCodeAccess
LogPluginManager: Mounting plugin CodeLiteSourceCodeAccess
LogPluginManager: Mounting plugin GitSourceControl
LogPluginManager: Mounting plugin KDevelopSourceCodeAccess
LogPluginManager: Mounting plugin NullSourceCodeAccess
LogPluginManager: Mounting plugin PerforceSourceControl
LogPluginManager: Mounting plugin SubversionSourceControl
LogPluginManager: Mounting plugin UObjectPlugin
LogPluginManager: Mounting plugin VisualStudioCodeSourceCodeAccess
LogPluginManager: Mounting plugin VisualStudioSourceCodeAccess
LogPluginManager: Mounting plugin XCodeSourceCodeAccess
LogPluginManager: Mounting plugin AssetManagerEditor
LogPluginManager: Mounting plugin CryptoKeys
LogPluginManager: Mounting plugin CurveEditorTools
LogPluginManager: Mounting plugin DataValidation
LogPluginManager: Mounting plugin FacialAnimation
LogPluginManager: Mounting plugin GameplayTagsEditor
LogPluginManager: Mounting plugin MacGraphicsSwitching
LogPluginManager: Mounting plugin MaterialAnalyzer
LogPluginManager: Mounting plugin MobileLauncherProfileWizard
LogPluginManager: Mounting plugin PluginBrowser
LogPluginManager: Mounting plugin SpeedTreeImporter
LogPluginManager: Mounting plugin DatasmithContent
LogPluginManager: Mounting plugin VariantManagerContent
LogPluginManager: Mounting plugin AlembicImporter
LogPluginManager: Mounting plugin AutomationUtils
LogPluginManager: Mounting plugin BackChannel
LogPluginManager: Mounting plugin CharacterAI
LogPluginManager: Mounting plugin GeometryCache
LogPluginManager: Mounting plugin HTML5Networking
LogPluginManager: Mounting plugin PlatformCrypto
LogPluginManager: Mounting plugin ProxyLODPlugin
LogPluginManager: Mounting plugin SkeletalReduction
LogPluginManager: Mounting plugin MagicLeap
LogPluginManager: Mounting plugin MagicLeapMedia
LogPluginManager: Mounting plugin AndroidMedia
LogPluginManager: Mounting plugin AvfMedia
LogPluginManager: Mounting plugin ImgMedia
LogPluginManager: Mounting plugin MediaCompositing
LogPluginManager: Mounting plugin MediaPlayerEditor
LogPluginManager: Mounting plugin WebMMedia
LogPluginManager: Mounting plugin WmfMedia
LogPluginManager: Mounting plugin TcpMessaging
LogPluginManager: Mounting plugin UdpMessaging
LogPluginManager: Mounting plugin ActorSequence
LogPluginManager: Mounting plugin LevelSequenceEditor
LogPluginManager: Mounting plugin MatineeToLevelSequence
LogPluginManager: Mounting plugin NetcodeUnitTest
LogPluginManager: Mounting plugin NUTUnrealEngine4
LogPluginManager: Mounting plugin OnlineSubsystemGooglePlay
LogPluginManager: Mounting plugin OnlineSubsystemIOS
LogPluginManager: Mounting plugin OnlineSubsystem
LogPluginManager: Mounting plugin OnlineSubsystemNull
LogPluginManager: Mounting plugin OnlineSubsystemUtils
LogPluginManager: Mounting plugin LauncherChunkInstaller
LogPluginManager: Mounting plugin AndroidDeviceProfileSelector
LogPluginManager: Mounting plugin AndroidMoviePlayer
LogPluginManager: Mounting plugin AndroidPermission
LogPluginManager: Mounting plugin AppleImageUtils
LogPluginManager: Mounting plugin AppleMoviePlayer
LogPluginManager: Mounting plugin ArchVisCharacter
LogPluginManager: Mounting plugin AudioCapture
LogPluginManager: Mounting plugin CableComponent
LogPluginManager: Mounting plugin CustomMeshComponent
LogPluginManager: Mounting plugin EditableMesh
LogPluginManager: Mounting plugin ExampleDeviceProfileSelector
LogPluginManager: Mounting plugin GoogleCloudMessaging
LogPluginManager: Mounting plugin IOSDeviceProfileSelector
LogPluginManager: Mounting plugin LinuxDeviceProfileSelector
LogPluginManager: Mounting plugin LocationServicesBPLibrary
LogPluginManager: Mounting plugin MobilePatchingUtils
LogPluginManager: Mounting plugin OculusVR
LogPluginManager: Mounting plugin PhysXVehicles
LogPluginManager: Mounting plugin ProceduralMeshComponent
LogPluginManager: Mounting plugin RuntimePhysXCooking
LogPluginManager: Mounting plugin SignificanceManager
LogPluginManager: Mounting plugin SteamVR
LogPluginManager: Mounting plugin WebMMoviePlayer
LogPluginManager: Mounting plugin WindowsMoviePlayer
LogPluginManager: Mounting plugin ScreenshotTools
LogInit: Using libcurl 7.55.1-DEV
LogInit:  - built for x86_64-pc-win32
LogInit:  - supports SSL with OpenSSL/1.1.1
LogInit:  - supports HTTP deflate (compression) using libz 1.2.8
LogInit:  - other features:
LogInit:      CURL_VERSION_SSL
LogInit:      CURL_VERSION_LIBZ
LogInit:      CURL_VERSION_IPV6
LogInit:      CURL_VERSION_ASYNCHDNS
LogInit:      CURL_VERSION_LARGEFILE
LogInit:      CURL_VERSION_IDN
LogInit:  CurlRequestOptions (configurable via config and command line):
LogInit:  - bVerifyPeer = true  - Libcurl will verify peer certificate
LogInit:  - bUseHttpProxy = false  - Libcurl will NOT use HTTP proxy
LogInit:  - bDontReuseConnections = false  - Libcurl will reuse connections
LogInit:  - MaxHostConnections = 16  - Libcurl will limit the number of connections to a host
LogInit:  - LocalHostAddr = Default
LogInit:  - BufferSize = 65536
LogOnline: OSS: Creating online subsystem instance for: NULL
LogInit: WinSock: version 1.1 (2.2), MaxSocks=32767, MaxUdp=65467
LogInit: Build: ++UE4+Release-4.23-CL-9631420
LogInit: Engine Version: 4.23.1-9631420+++UE4+Release-4.23
LogInit: Compatible Engine Version: 4.23.0-8386587+++UE4+Release-4.23
LogInit: Net CL: 8386587
LogInit: OS: Windows 10 (Release 1909) (), CPU: Intel(R) Core(TM) i7 CPU         920  @ 2.67GHz, GPU: NVIDIA GeForce GTX 780
LogInit: Compiled (64-bit): Oct 18 2019 02:07:44
LogInit: Compiled with Visual C++: 19.16.27030.01
LogInit: Build Configuration: Development
LogInit: Branch Name: ++UE4+Release-4.23
LogInit: Command Line:  -EpicPortal -epicusername=Game.Ranger -epicuserid=02cea76409424db8872e5ed5e54fb7de -epiclocale=de
LogInit: Base Directory: C:/Program Files/Epic Games/UE_4.23/Engine/Binaries/Win64/
LogInit: Installed Engine Build: 1
LogDevObjectVersion: Number of dev versions registered: 23
LogDevObjectVersion:   Dev-Blueprints (B0D832E4-1F89-4F0D-ACCF-7EB736FD4AA2): 10
LogDevObjectVersion:   Dev-Build (E1C64328-A22C-4D53-A36C-8E866417BD8C): 0
LogDevObjectVersion:   Dev-Core (375EC13C-06E4-48FB-B500-84F0262A717E): 3
LogDevObjectVersion:   Dev-Editor (E4B068ED-F494-42E9-A231-DA0B2E46BB41): 34
LogDevObjectVersion:   Dev-Framework (CFFC743F-43B0-4480-9391-14DF171D2073): 35
LogDevObjectVersion:   Dev-Mobile (B02B49B5-BB20-44E9-A304-32B752E40360): 2
LogDevObjectVersion:   Dev-Networking (A4E4105C-59A1-49B5-A7C5-40C4547EDFEE): 0
LogDevObjectVersion:   Dev-Online (39C831C9-5AE6-47DC-9A44-9C173E1C8E7C): 0
LogDevObjectVersion:   Dev-Physics (78F01B33-EBEA-4F98-B9B4-84EACCB95AA2): 0
LogDevObjectVersion:   Dev-Platform (6631380F-2D4D-43E0-8009-CF276956A95A): 0
LogDevObjectVersion:   Dev-Rendering (12F88B9F-8875-4AFC-A67C-D90C383ABD29): 31
LogDevObjectVersion:   Dev-Sequencer (7B5AE74C-D270-4C10-A958-57980B212A5A): 11
LogDevObjectVersion:   Dev-VR (D7296918-1DD6-4BDD-9DE2-64A83CC13884): 2
LogDevObjectVersion:   Dev-LoadTimes (C2A15278-BFE7-4AFE-6C17-90FF531DF755): 1
LogDevObjectVersion:   Private-Geometry (6EACA3D4-40EC-4CC1-B786-8BED09428FC5): 3
LogDevObjectVersion:   Dev-AnimPhys (29E575DD-E0A3-4627-9D10-D276232CDCEA): 17
LogDevObjectVersion:   Dev-Anim (AF43A65D-7FD3-4947-9873-3E8ED9C1BB05): 2
LogDevObjectVersion:   Dev-ReflectionCapture (6B266CEC-1EC7-4B8F-A30B-E4D90942FC07): 1
LogDevObjectVersion:   Dev-Automation (0DF73D61-A23F-47EA-B727-89E90C41499A): 1
LogDevObjectVersion:   FortniteMain (601D1886-AC64-4F84-AA16-D3DE0DEAC7D6): 27
LogDevObjectVersion:   Dev-Enterprise (9DFFBCD6-494F-0158-E221-12823C92A888): 6
LogDevObjectVersion:   Dev-Niagara (F2AED0AC-9AFE-416F-8664-AA7FFA26D6FC): 1
LogDevObjectVersion:   Dev-Destruction (174F1F0B-B4C6-45A5-B13F-2EE8D0FB917D): 9
LogInit: Presizing for max 16777216 objects, including 0 objects not considered by GC, pre-allocating 0 bytes for permanent pool.
LogInit: Object subsystem initialized
LogConfig: Setting CVar [[con.DebugEarlyDefault:1]]
LogConfig: Setting CVar [[r.setres:1280x720]]
[2020.04.19-10.07.53:066][  0]LogConfig: Setting CVar [[r.VSync:0]]
[2020.04.19-10.07.53:066][  0]LogConfig: Setting CVar [[r.RHICmdBypass:0]]
[2020.04.19-10.07.53:066][  0]LogConfig: Applying CVar settings from Section [/Script/Engine.RendererSettings] File [C:/Users/Juergen/Documents/GitHub/gdd2_2020/CORONA/Saved/Config/Windows/Engine.ini]
[2020.04.19-10.07.53:066][  0]LogConfig: Setting CVar [[r.GPUCrashDebugging:0]]
[2020.04.19-10.07.53:066][  0]LogConfig: Setting CVar [[r.DefaultFeature.AutoExposure.ExtendDefaultLuminanceRange:1]]
[2020.04.19-10.07.53:067][  0]LogConfig: Applying CVar settings from Section [/Script/Engine.RendererOverrideSettings] File [C:/Users/Juergen/Documents/GitHub/gdd2_2020/CORONA/Saved/Config/Windows/Engine.ini]
[2020.04.19-10.07.53:067][  0]LogConfig: Applying CVar settings from Section [/Script/Engine.StreamingSettings] File [C:/Users/Juergen/Documents/GitHub/gdd2_2020/CORONA/Saved/Config/Windows/Engine.ini]
[2020.04.19-10.07.53:067][  0]LogConfig: Setting CVar [[s.MinBulkDataSizeForAsyncLoading:131072]]
[2020.04.19-10.07.53:067][  0]LogConfig: Setting CVar [[s.AsyncLoadingThreadEnabled:0]]
[2020.04.19-10.07.53:067][  0]LogConfig: Setting CVar [[s.EventDrivenLoaderEnabled:1]]
[2020.04.19-10.07.53:067][  0]LogConfig: Setting CVar [[s.WarnIfTimeLimitExceeded:0]]
[2020.04.19-10.07.53:067][  0]LogConfig: Setting CVar [[s.TimeLimitExceededMultiplier:1.5]]
[2020.04.19-10.07.53:067][  0]LogConfig: Setting CVar [[s.TimeLimitExceededMinTime:0.005]]
[2020.04.19-10.07.53:067][  0]LogConfig: Setting CVar [[s.UseBackgroundLevelStreaming:1]]
[2020.04.19-10.07.53:067][  0]LogConfig: Setting CVar [[s.PriorityAsyncLoadingExtraTime:15.0]]
[2020.04.19-10.07.53:067][  0]LogConfig: Setting CVar [[s.LevelStreamingActorsUpdateTimeLimit:5.0]]
[2020.04.19-10.07.53:067][  0]LogConfig: Setting CVar [[s.PriorityLevelStreamingActorsUpdateExtraTime:5.0]]
[2020.04.19-10.07.53:067][  0]LogConfig: Setting CVar [[s.LevelStreamingComponentsRegistrationGranularity:10]]
[2020.04.19-10.07.53:067][  0]LogConfig: Setting CVar [[s.UnregisterComponentsTimeLimit:1.0]]
[2020.04.19-10.07.53:067][  0]LogConfig: Setting CVar [[s.LevelStreamingComponentsUnregistrationGranularity:5]]
[2020.04.19-10.07.53:067][  0]LogConfig: Applying CVar settings from Section [/Script/Engine.GarbageCollectionSettings] File [C:/Users/Juergen/Documents/GitHub/gdd2_2020/CORONA/Saved/Config/Windows/Engine.ini]
[2020.04.19-10.07.53:067][  0]LogConfig: Setting CVar [[gc.MaxObjectsNotConsideredByGC:1]]
[2020.04.19-10.07.53:067][  0]LogConfig: Setting CVar [[gc.SizeOfPermanentObjectPool:0]]
[2020.04.19-10.07.53:067][  0]LogConfig: Setting CVar [[gc.FlushStreamingOnGC:0]]
[2020.04.19-10.07.53:067][  0]LogConfig: Setting CVar [[gc.NumRetriesBeforeForcingGC:10]]
[2020.04.19-10.07.53:067][  0]LogConfig: Setting CVar [[gc.AllowParallelGC:1]]
[2020.04.19-10.07.53:067][  0]LogConfig: Setting CVar [[gc.TimeBetweenPurgingPendingKillObjects:61.1]]
[2020.04.19-10.07.53:067][  0]LogConfig: Setting CVar [[gc.MaxObjectsInEditor:16777216]]
[2020.04.19-10.07.53:067][  0]LogConfig: Setting CVar [[gc.IncrementalBeginDestroyEnabled:1]]
[2020.04.19-10.07.53:067][  0]LogConfig: Setting CVar [[gc.CreateGCClusters:1]]
[2020.04.19-10.07.53:067][  0]LogConfig: Setting CVar [[gc.MinGCClusterSize:5]]
[2020.04.19-10.07.53:067][  0]LogConfig: Setting CVar [[gc.ActorClusteringEnabled:0]]
[2020.04.19-10.07.53:067][  0]LogConfig: Setting CVar [[gc.BlueprintClusteringEnabled:0]]
[2020.04.19-10.07.53:067][  0]LogConfig: Setting CVar [[gc.UseDisregardForGCOnDedicatedServers:0]]
[2020.04.19-10.07.53:068][  0]LogConfig: Applying CVar settings from Section [/Script/Engine.NetworkSettings] File [C:/Users/Juergen/Documents/GitHub/gdd2_2020/CORONA/Saved/Config/Windows/Engine.ini]
[2020.04.19-10.07.53:068][  0]LogConfig: Applying CVar settings from Section [/Script/UnrealEd.CookerSettings] File [C:/Users/Juergen/Documents/GitHub/gdd2_2020/CORONA/Saved/Config/Windows/Engine.ini]
[2020.04.19-10.07.53:078][  0]LogConfig: Applying CVar settings from Section [ViewDistanceQuality@3] File [C:/Users/Juergen/Documents/GitHub/gdd2_2020/CORONA/Saved/Config/Windows/Scalability.ini]
[2020.04.19-10.07.53:078][  0]LogConfig: Setting CVar [[r.SkeletalMeshLODBias:0]]
[2020.04.19-10.07.53:078][  0]LogConfig: Setting CVar [[r.ViewDistanceScale:1.0]]
[2020.04.19-10.07.53:078][  0]LogConfig: Applying CVar settings from Section [AntiAliasingQuality@3] File [C:/Users/Juergen/Documents/GitHub/gdd2_2020/CORONA/Saved/Config/Windows/Scalability.ini]
[2020.04.19-10.07.53:078][  0]LogConfig: Setting CVar [[r.PostProcessAAQuality:4]]
[2020.04.19-10.07.53:078][  0]LogConfig: Applying CVar settings from Section [ShadowQuality@3] File [C:/Users/Juergen/Documents/GitHub/gdd2_2020/CORONA/Saved/Config/Windows/Scalability.ini]
[2020.04.19-10.07.53:078][  0]LogConfig: Setting CVar [[r.LightFunctionQuality:1]]
[2020.04.19-10.07.53:078][  0]LogConfig: Setting CVar [[r.ShadowQuality:5]]
[2020.04.19-10.07.53:078][  0]LogConfig: Setting CVar [[r.Shadow.CSM.MaxCascades:10]]
[2020.04.19-10.07.53:078][  0]LogConfig: Setting CVar [[r.Shadow.MaxResolution:2048]]
[2020.04.19-10.07.53:078][  0]LogConfig: Setting CVar [[r.Shadow.MaxCSMResolution:2048]]
[2020.04.19-10.07.53:078][  0]LogConfig: Setting CVar [[r.Shadow.RadiusThreshold:0.01]]
[2020.04.19-10.07.53:078][  0]LogConfig: Setting CVar [[r.Shadow.DistanceScale:1.0]]
[2020.04.19-10.07.53:079][  0]LogConfig: Setting CVar [[r.Shadow.CSM.TransitionScale:1.0]]
[2020.04.19-10.07.53:079][  0]LogConfig: Setting CVar [[r.Shadow.PreShadowResolutionFactor:1.0]]
[2020.04.19-10.07.53:079][  0]LogConfig: Setting CVar [[r.DistanceFieldShadowing:1]]
[2020.04.19-10.07.53:079][  0]LogConfig: Setting CVar [[r.DistanceFieldAO:1]]
[2020.04.19-10.07.53:079][  0]LogConfig: Setting CVar [[r.AOQuality:2]]
[2020.04.19-10.07.53:079][  0]LogConfig: Setting CVar [[r.VolumetricFog:1]]
[2020.04.19-10.07.53:079][  0]LogConfig: Setting CVar [[r.VolumetricFog.GridPixelSize:8]]
[2020.04.19-10.07.53:079][  0]LogConfig: Setting CVar [[r.VolumetricFog.GridSizeZ:128]]
[2020.04.19-10.07.53:079][  0]LogConfig: Setting CVar [[r.VolumetricFog.HistoryMissSupersampleCount:4]]
[2020.04.19-10.07.53:079][  0]LogConfig: Setting CVar [[r.LightMaxDrawDistanceScale:1]]
[2020.04.19-10.07.53:079][  0]LogConfig: Setting CVar [[r.CapsuleShadows:1]]
[2020.04.19-10.07.53:079][  0]LogConfig: Applying CVar settings from Section [PostProcessQuality@3] File [C:/Users/Juergen/Documents/GitHub/gdd2_2020/CORONA/Saved/Config/Windows/Scalability.ini]
[2020.04.19-10.07.53:079][  0]LogConfig: Setting CVar [[r.MotionBlurQuality:4]]
[2020.04.19-10.07.53:079][  0]LogConfig: Setting CVar [[r.AmbientOcclusionMipLevelFactor:0.4]]
[2020.04.19-10.07.53:079][  0]LogConfig: Setting CVar [[r.AmbientOcclusionMaxQuality:100]]
[2020.04.19-10.07.53:079][  0]LogConfig: Setting CVar [[r.AmbientOcclusionLevels:-1]]
[2020.04.19-10.07.53:079][  0]LogConfig: Setting CVar [[r.AmbientOcclusionRadiusScale:1.0]]
[2020.04.19-10.07.53:079][  0]LogConfig: Setting CVar [[r.DepthOfFieldQuality:2]]
[2020.04.19-10.07.53:079][  0]LogConfig: Setting CVar [[r.RenderTargetPoolMin:400]]
[2020.04.19-10.07.53:079][  0]LogConfig: Setting CVar [[r.LensFlareQuality:2]]
[2020.04.19-10.07.53:079][  0]LogConfig: Setting CVar [[r.SceneColorFringeQuality:1]]
[2020.04.19-10.07.53:079][  0]LogConfig: Setting CVar [[r.EyeAdaptationQuality:2]]
[2020.04.19-10.07.53:079][  0]LogConfig: Setting CVar [[r.BloomQuality:5]]
[2020.04.19-10.07.53:079][  0]LogConfig: Setting CVar [[r.FastBlurThreshold:100]]
[2020.04.19-10.07.53:079][  0]LogConfig: Setting CVar [[r.Upscale.Quality:3]]
[2020.04.19-10.07.53:079][  0]LogConfig: Setting CVar [[r.Tonemapper.GrainQuantization:1]]
[2020.04.19-10.07.53:080][  0]LogConfig: Setting CVar [[r.LightShaftQuality:1]]
[2020.04.19-10.07.53:080][  0]LogConfig: Setting CVar [[r.Filter.SizeScale:1]]
[2020.04.19-10.07.53:080][  0]LogConfig: Setting CVar [[r.Tonemapper.Quality:5]]
[2020.04.19-10.07.53:080][  0]LogConfig: Setting CVar [[r.DOF.Gather.AccumulatorQuality:1        ; higher gathering accumulator quality]]
[2020.04.19-10.07.53:080][  0]LogConfig: Setting CVar [[r.DOF.Gather.PostfilterMethod:1          ; Median3x3 postfilering method]]
[2020.04.19-10.07.53:080][  0]LogConfig: Setting CVar [[r.DOF.Gather.EnableBokehSettings:0       ; no bokeh simulation when gathering]]
[2020.04.19-10.07.53:080][  0]LogConfig: Setting CVar [[r.DOF.Gather.RingCount:4                 ; medium number of samples when gathering]]
[2020.04.19-10.07.53:080][  0]LogConfig: Setting CVar [[r.DOF.Scatter.ForegroundCompositing:1    ; additive foreground scattering]]
[2020.04.19-10.07.53:080][  0]LogConfig: Setting CVar [[r.DOF.Scatter.BackgroundCompositing:2    ; additive background scattering]]
[2020.04.19-10.07.53:080][  0]LogConfig: Setting CVar [[r.DOF.Scatter.EnableBokehSettings:1      ; bokeh simulation when scattering]]
[2020.04.19-10.07.53:080][  0]LogConfig: Setting CVar [[r.DOF.Scatter.MaxSpriteRatio:0.1         ; only a maximum of 10% of scattered bokeh]]
[2020.04.19-10.07.53:080][  0]LogConfig: Setting CVar [[r.DOF.Recombine.Quality:1                ; cheap slight out of focus]]
[2020.04.19-10.07.53:080][  0]LogConfig: Setting CVar [[r.DOF.Recombine.EnableBokehSettings:0    ; no bokeh simulation on slight out of focus]]
[2020.04.19-10.07.53:080][  0]LogConfig: Setting CVar [[r.DOF.TemporalAAQuality:1                ; more stable temporal accumulation]]
[2020.04.19-10.07.53:080][  0]LogConfig: Setting CVar [[r.DOF.Kernel.MaxForegroundRadius:0.025]]
[2020.04.19-10.07.53:080][  0]LogConfig: Setting CVar [[r.DOF.Kernel.MaxBackgroundRadius:0.025]]
[2020.04.19-10.07.53:080][  0]LogConfig: Applying CVar settings from Section [TextureQuality@3] File [C:/Users/Juergen/Documents/GitHub/gdd2_2020/CORONA/Saved/Config/Windows/Scalability.ini]
[2020.04.19-10.07.53:080][  0]LogConfig: Setting CVar [[r.Streaming.MipBias:0]]
[2020.04.19-10.07.53:080][  0]LogConfig: Setting CVar [[r.Streaming.AmortizeCPUToGPUCopy:0]]
[2020.04.19-10.07.53:080][  0]LogConfig: Setting CVar [[r.Streaming.MaxNumTexturesToStreamPerFrame:0]]
[2020.04.19-10.07.53:080][  0]LogConfig: Setting CVar [[r.Streaming.Boost:1]]
[2020.04.19-10.07.53:080][  0]LogConfig: Setting CVar [[r.MaxAnisotropy:8]]
[2020.04.19-10.07.53:080][  0]LogConfig: Setting CVar [[r.Streaming.LimitPoolSizeToVRAM:0]]
[2020.04.19-10.07.53:080][  0]LogConfig: Setting CVar [[r.Streaming.PoolSize:1000]]
[2020.04.19-10.07.53:080][  0]LogConfig: Setting CVar [[r.Streaming.MaxEffectiveScreenSize:0]]
[2020.04.19-10.07.53:080][  0]LogConfig: Applying CVar settings from Section [EffectsQuality@3] File [C:/Users/Juergen/Documents/GitHub/gdd2_2020/CORONA/Saved/Config/Windows/Scalability.ini]
[2020.04.19-10.07.53:080][  0]LogConfig: Setting CVar [[r.TranslucencyLightingVolumeDim:64]]
[2020.04.19-10.07.53:080][  0]LogConfig: Setting CVar [[r.RefractionQuality:2]]
[2020.04.19-10.07.53:080][  0]LogConfig: Setting CVar [[r.SSR.Quality:3]]
[2020.04.19-10.07.53:080][  0]LogConfig: Setting CVar [[r.SceneColorFormat:4]]
[2020.04.19-10.07.53:080][  0]LogConfig: Setting CVar [[r.DetailMode:2]]
[2020.04.19-10.07.53:080][  0]LogConfig: Setting CVar [[r.TranslucencyVolumeBlur:1]]
[2020.04.19-10.07.53:080][  0]LogConfig: Setting CVar [[r.MaterialQualityLevel:1 ; High quality]]
[2020.04.19-10.07.53:080][  0]LogConfig: Setting CVar [[r.SSS.Scale:1]]
[2020.04.19-10.07.53:080][  0]LogConfig: Setting CVar [[r.SSS.SampleSet:2]]
[2020.04.19-10.07.53:080][  0]LogConfig: Setting CVar [[r.SSS.Quality:1]]
[2020.04.19-10.07.53:080][  0]LogConfig: Setting CVar [[r.SSS.HalfRes:1]]
[2020.04.19-10.07.53:080][  0]LogConfig: Setting CVar [[r.EmitterSpawnRateScale:1.0]]
[2020.04.19-10.07.53:080][  0]LogConfig: Setting CVar [[r.ParticleLightQuality:2]]
[2020.04.19-10.07.53:080][  0]LogConfig: Applying CVar settings from Section [FoliageQuality@3] File [C:/Users/Juergen/Documents/GitHub/gdd2_2020/CORONA/Saved/Config/Windows/Scalability.ini]
[2020.04.19-10.07.53:080][  0]LogConfig: Setting CVar [[foliage.DensityScale:1.0]]
[2020.04.19-10.07.53:080][  0]LogConfig: Setting CVar [[grass.DensityScale:1.0]]
[2020.04.19-10.07.53:081][  0]LogInit: Selected Device Profile: [Windows]
[2020.04.19-10.07.53:081][  0]LogInit: Applying CVar settings loaded from the selected device profile: [Windows]
[2020.04.19-10.07.53:087][  0]LogHAL: Display: Platform has ~ 38 GB [40792866816 / 68719476736 / 38], which maps to Largest [LargestMinGB=32, LargerMinGB=12, DefaultMinGB=8, SmallerMinGB=6, SmallestMinGB=0)
[2020.04.19-10.07.53:087][  0]LogInit: Going up to parent DeviceProfile []
[2020.04.19-10.07.53:088][  0]LogConfig: Applying CVar settings from Section [ViewDistanceQuality@3] File [C:/Users/Juergen/Documents/GitHub/gdd2_2020/CORONA/Saved/Config/Windows/Scalability.ini]
[2020.04.19-10.07.53:088][  0]LogConfig: Setting CVar [[r.SkeletalMeshLODBias:0]]
[2020.04.19-10.07.53:088][  0]LogConfig: Setting CVar [[r.ViewDistanceScale:1.0]]
[2020.04.19-10.07.53:088][  0]LogConfig: Applying CVar settings from Section [AntiAliasingQuality@3] File [C:/Users/Juergen/Documents/GitHub/gdd2_2020/CORONA/Saved/Config/Windows/Scalability.ini]
[2020.04.19-10.07.53:088][  0]LogConfig: Setting CVar [[r.PostProcessAAQuality:4]]
[2020.04.19-10.07.53:088][  0]LogConfig: Applying CVar settings from Section [ShadowQuality@3] File [C:/Users/Juergen/Documents/GitHub/gdd2_2020/CORONA/Saved/Config/Windows/Scalability.ini]
[2020.04.19-10.07.53:088][  0]LogConfig: Setting CVar [[r.LightFunctionQuality:1]]
[2020.04.19-10.07.53:088][  0]LogConfig: Setting CVar [[r.ShadowQuality:5]]
[2020.04.19-10.07.53:088][  0]LogConfig: Setting CVar [[r.Shadow.CSM.MaxCascades:10]]
[2020.04.19-10.07.53:088][  0]LogConfig: Setting CVar [[r.Shadow.MaxResolution:2048]]
[2020.04.19-10.07.53:088][  0]LogConfig: Setting CVar [[r.Shadow.MaxCSMResolution:2048]]
[2020.04.19-10.07.53:088][  0]LogConfig: Setting CVar [[r.Shadow.RadiusThreshold:0.01]]
[2020.04.19-10.07.53:088][  0]LogConfig: Setting CVar [[r.Shadow.DistanceScale:1.0]]
[2020.04.19-10.07.53:088][  0]LogConfig: Setting CVar [[r.Shadow.CSM.TransitionScale:1.0]]
[2020.04.19-10.07.53:088][  0]LogConfig: Setting CVar [[r.Shadow.PreShadowResolutionFactor:1.0]]
[2020.04.19-10.07.53:088][  0]LogConfig: Setting CVar [[r.DistanceFieldShadowing:1]]
[2020.04.19-10.07.53:088][  0]LogConfig: Setting CVar [[r.DistanceFieldAO:1]]
[2020.04.19-10.07.53:088][  0]LogConfig: Setting CVar [[r.AOQuality:2]]
[2020.04.19-10.07.53:088][  0]LogConfig: Setting CVar [[r.VolumetricFog:1]]
[2020.04.19-10.07.53:089][  0]LogConfig: Setting CVar [[r.VolumetricFog.GridPixelSize:8]]
[2020.04.19-10.07.53:089][  0]LogConfig: Setting CVar [[r.VolumetricFog.GridSizeZ:128]]
[2020.04.19-10.07.53:089][  0]LogConfig: Setting CVar [[r.VolumetricFog.HistoryMissSupersampleCount:4]]
[2020.04.19-10.07.53:089][  0]LogConfig: Setting CVar [[r.LightMaxDrawDistanceScale:1]]
[2020.04.19-10.07.53:089][  0]LogConfig: Setting CVar [[r.CapsuleShadows:1]]
[2020.04.19-10.07.53:089][  0]LogConfig: Applying CVar settings from Section [PostProcessQuality@3] File [C:/Users/Juergen/Documents/GitHub/gdd2_2020/CORONA/Saved/Config/Windows/Scalability.ini]
[2020.04.19-10.07.53:089][  0]LogConfig: Setting CVar [[r.MotionBlurQuality:4]]
[2020.04.19-10.07.53:089][  0]LogConfig: Setting CVar [[r.AmbientOcclusionMipLevelFactor:0.4]]
[2020.04.19-10.07.53:089][  0]LogConfig: Setting CVar [[r.AmbientOcclusionMaxQuality:100]]
[2020.04.19-10.07.53:089][  0]LogConfig: Setting CVar [[r.AmbientOcclusionLevels:-1]]
[2020.04.19-10.07.53:089][  0]LogConfig: Setting CVar [[r.AmbientOcclusionRadiusScale:1.0]]
[2020.04.19-10.07.53:089][  0]LogConfig: Setting CVar [[r.DepthOfFieldQuality:2]]
[2020.04.19-10.07.53:089][  0]LogConfig: Setting CVar [[r.RenderTargetPoolMin:400]]
[2020.04.19-10.07.53:089][  0]LogConfig: Setting CVar [[r.LensFlareQuality:2]]
[2020.04.19-10.07.53:089][  0]LogConfig: Setting CVar [[r.SceneColorFringeQuality:1]]
[2020.04.19-10.07.53:089][  0]LogConfig: Setting CVar [[r.EyeAdaptationQuality:2]]
[2020.04.19-10.07.53:089][  0]LogConfig: Setting CVar [[r.BloomQuality:5]]
[2020.04.19-10.07.53:089][  0]LogConfig: Setting CVar [[r.FastBlurThreshold:100]]
[2020.04.19-10.07.53:089][  0]LogConfig: Setting CVar [[r.Upscale.Quality:3]]
[2020.04.19-10.07.53:089][  0]LogConfig: Setting CVar [[r.Tonemapper.GrainQuantization:1]]
[2020.04.19-10.07.53:089][  0]LogConfig: Setting CVar [[r.LightShaftQuality:1]]
[2020.04.19-10.07.53:089][  0]LogConfig: Setting CVar [[r.Filter.SizeScale:1]]
[2020.04.19-10.07.53:090][  0]LogConfig: Setting CVar [[r.Tonemapper.Quality:5]]
[2020.04.19-10.07.53:090][  0]LogConfig: Setting CVar [[r.DOF.Gather.AccumulatorQuality:1        ; higher gathering accumulator quality]]
[2020.04.19-10.07.53:090][  0]LogConfig: Setting CVar [[r.DOF.Gather.PostfilterMethod:1          ; Median3x3 postfilering method]]
[2020.04.19-10.07.53:090][  0]LogConfig: Setting CVar [[r.DOF.Gather.EnableBokehSettings:0       ; no bokeh simulation when gathering]]
[2020.04.19-10.07.53:090][  0]LogConfig: Setting CVar [[r.DOF.Gather.RingCount:4                 ; medium number of samples when gathering]]
[2020.04.19-10.07.53:090][  0]LogConfig: Setting CVar [[r.DOF.Scatter.ForegroundCompositing:1    ; additive foreground scattering]]
[2020.04.19-10.07.53:090][  0]LogConfig: Setting CVar [[r.DOF.Scatter.BackgroundCompositing:2    ; additive background scattering]]
[2020.04.19-10.07.53:090][  0]LogConfig: Setting CVar [[r.DOF.Scatter.EnableBokehSettings:1      ; bokeh simulation when scattering]]
[2020.04.19-10.07.53:090][  0]LogConfig: Setting CVar [[r.DOF.Scatter.MaxSpriteRatio:0.1         ; only a maximum of 10% of scattered bokeh]]
[2020.04.19-10.07.53:090][  0]LogConfig: Setting CVar [[r.DOF.Recombine.Quality:1                ; cheap slight out of focus]]
[2020.04.19-10.07.53:090][  0]LogConfig: Setting CVar [[r.DOF.Recombine.EnableBokehSettings:0    ; no bokeh simulation on slight out of focus]]
[2020.04.19-10.07.53:090][  0]LogConfig: Setting CVar [[r.DOF.TemporalAAQuality:1                ; more stable temporal accumulation]]
[2020.04.19-10.07.53:090][  0]LogConfig: Setting CVar [[r.DOF.Kernel.MaxForegroundRadius:0.025]]
[2020.04.19-10.07.53:090][  0]LogConfig: Setting CVar [[r.DOF.Kernel.MaxBackgroundRadius:0.025]]
[2020.04.19-10.07.53:090][  0]LogConfig: Applying CVar settings from Section [TextureQuality@3] File [C:/Users/Juergen/Documents/GitHub/gdd2_2020/CORONA/Saved/Config/Windows/Scalability.ini]
[2020.04.19-10.07.53:090][  0]LogConfig: Setting CVar [[r.Streaming.MipBias:0]]
[2020.04.19-10.07.53:090][  0]LogConfig: Setting CVar [[r.Streaming.AmortizeCPUToGPUCopy:0]]
[2020.04.19-10.07.53:090][  0]LogConfig: Setting CVar [[r.Streaming.MaxNumTexturesToStreamPerFrame:0]]
[2020.04.19-10.07.53:090][  0]LogConfig: Setting CVar [[r.Streaming.Boost:1]]
[2020.04.19-10.07.53:091][  0]LogConfig: Setting CVar [[r.MaxAnisotropy:8]]
[2020.04.19-10.07.53:091][  0]LogConfig: Setting CVar [[r.Streaming.LimitPoolSizeToVRAM:0]]
[2020.04.19-10.07.53:091][  0]LogConfig: Setting CVar [[r.Streaming.PoolSize:1000]]
[2020.04.19-10.07.53:091][  0]LogConfig: Setting CVar [[r.Streaming.MaxEffectiveScreenSize:0]]
[2020.04.19-10.07.53:091][  0]LogConfig: Applying CVar settings from Section [EffectsQuality@3] File [C:/Users/Juergen/Documents/GitHub/gdd2_2020/CORONA/Saved/Config/Windows/Scalability.ini]
[2020.04.19-10.07.53:091][  0]LogConfig: Setting CVar [[r.TranslucencyLightingVolumeDim:64]]
[2020.04.19-10.07.53:091][  0]LogConfig: Setting CVar [[r.RefractionQuality:2]]
[2020.04.19-10.07.53:091][  0]LogConfig: Setting CVar [[r.SSR.Quality:3]]
[2020.04.19-10.07.53:091][  0]LogConfig: Setting CVar [[r.SceneColorFormat:4]]
[2020.04.19-10.07.53:091][  0]LogConfig: Setting CVar [[r.DetailMode:2]]
[2020.04.19-10.07.53:091][  0]LogConfig: Setting CVar [[r.TranslucencyVolumeBlur:1]]
[2020.04.19-10.07.53:091][  0]LogConfig: Setting CVar [[r.MaterialQualityLevel:1 ; High quality]]
[2020.04.19-10.07.53:091][  0]LogConfig: Setting CVar [[r.SSS.Scale:1]]
[2020.04.19-10.07.53:091][  0]LogConfig: Setting CVar [[r.SSS.SampleSet:2]]
[2020.04.19-10.07.53:091][  0]LogConfig: Setting CVar [[r.SSS.Quality:1]]
[2020.04.19-10.07.53:091][  0]LogConfig: Setting CVar [[r.SSS.HalfRes:1]]
[2020.04.19-10.07.53:091][  0]LogConfig: Setting CVar [[r.EmitterSpawnRateScale:1.0]]
[2020.04.19-10.07.53:091][  0]LogConfig: Setting CVar [[r.ParticleLightQuality:2]]
[2020.04.19-10.07.53:091][  0]LogConfig: Applying CVar settings from Section [FoliageQuality@3] File [C:/Users/Juergen/Documents/GitHub/gdd2_2020/CORONA/Saved/Config/Windows/Scalability.ini]
[2020.04.19-10.07.53:092][  0]LogConfig: Setting CVar [[foliage.DensityScale:1.0]]
[2020.04.19-10.07.53:092][  0]LogConfig: Setting CVar [[grass.DensityScale:1.0]]
[2020.04.19-10.07.53:092][  0]LogConfig: Applying CVar settings from Section [Startup] File [../../../Engine/Config/ConsoleVariables.ini]
[2020.04.19-10.07.53:092][  0]LogConfig: Setting CVar [[net.UseAdaptiveNetUpdateFrequency:0]]
[2020.04.19-10.07.53:093][  0]LogConfig: Setting CVar [[p.chaos.AllowCreatePhysxBodies:1]]
[2020.04.19-10.07.53:093][  0]LogConfig: Applying CVar settings from Section [ConsoleVariables] File [C:/Users/Juergen/Documents/GitHub/gdd2_2020/CORONA/Saved/Config/Windows/Engine.ini]
[2020.04.19-10.07.53:093][  0]LogInit: Computer: STARGATE_ONE
[2020.04.19-10.07.53:093][  0]LogInit: User: Juergen
[2020.04.19-10.07.53:093][  0]LogInit: CPU Page size=4096, Cores=4
[2020.04.19-10.07.53:093][  0]LogInit: High frequency timer resolution =10.000000 MHz
[2020.04.19-10.07.53:093][  0]LogMemory: Memory total: Physical=38.0GB (38GB approx)
[2020.04.19-10.07.53:094][  0]LogMemory: Platform Memory Stats for Windows
[2020.04.19-10.07.53:094][  0]LogMemory: Process Physical Memory: 101.57 MB used, 101.57 MB peak
[2020.04.19-10.07.53:094][  0]LogMemory: Process Virtual Memory: 100.59 MB used, 100.59 MB peak
[2020.04.19-10.07.53:094][  0]LogMemory: Physical Memory: 7743.88 MB used,  31159.23 MB free, 38903.11 MB total
[2020.04.19-10.07.53:094][  0]LogMemory: Virtual Memory: 4669.46 MB used,  134213056.00 MB free, 134217728.00 MB total
[2020.04.19-10.07.53:097][  0]LogWindows: WindowsPlatformFeatures enabled
[2020.04.19-10.07.53:140][  0]LogInit: Using OS detected language (de-DE).
[2020.04.19-10.07.53:140][  0]LogInit: Using OS detected locale (de-DE).
[2020.04.19-10.07.53:142][  0]LogTextLocalizationManager: No specific localization for 'de-DE' exists, so the 'de' localization will be used.
[2020.04.19-10.07.53:142][  0]LogTextLocalizationResource: LocRes '../../../Engine/Content/Localization/Editor/de/Editor.locres' could not be opened for reading!
[2020.04.19-10.07.53:143][  0]LogTextLocalizationResource: LocRes '../../../Engine/Content/Localization/EditorTutorials/de/EditorTutorials.locres' could not be opened for reading!
[2020.04.19-10.07.53:143][  0]LogTextLocalizationResource: LocRes '../../../Engine/Content/Localization/Keywords/de/Keywords.locres' could not be opened for reading!
[2020.04.19-10.07.53:143][  0]LogTextLocalizationResource: LocRes '../../../Engine/Content/Localization/Category/de/Category.locres' could not be opened for reading!
[2020.04.19-10.07.53:143][  0]LogTextLocalizationResource: LocRes '../../../Engine/Content/Localization/ToolTips/de/ToolTips.locres' could not be opened for reading!
[2020.04.19-10.07.53:143][  0]LogTextLocalizationResource: LocRes '../../../Engine/Content/Localization/PropertyNames/de/PropertyNames.locres' could not be opened for reading!
[2020.04.19-10.07.53:144][  0]LogTextLocalizationResource: LocRes '../../../Engine/Content/Localization/Engine/de/Engine.locres' could not be opened for reading!
[2020.04.19-10.07.53:145][  0]LogInit: Setting process to per monitor DPI aware
[2020.04.19-10.07.53:224][  0]LogSlate: New Slate User Created.  User Index 0, Is Virtual User: 0
[2020.04.19-10.07.53:224][  0]LogSlate: Slate User Registered.  User Index 0, Is Virtual User: 0
[2020.04.19-10.07.53:539][  0]LogHMD: Failed to initialize OpenVR with code 110
[2020.04.19-10.07.53:539][  0]LogD3D11RHI: D3D11 adapters:
[2020.04.19-10.07.53:635][  0]LogD3D11RHI:    0. 'NVIDIA GeForce GTX 780' (Feature Level 11_0)
[2020.04.19-10.07.53:635][  0]LogD3D11RHI:       3029/0/19451 MB DedicatedVideo/DedicatedSystem/SharedSystem, Outputs:2, VendorId:0x10de
[2020.04.19-10.07.53:720][  0]LogD3D11RHI:    1. 'NVIDIA Quadro K600' (Feature Level 11_0)
[2020.04.19-10.07.53:721][  0]LogD3D11RHI:       985/0/19451 MB DedicatedVideo/DedicatedSystem/SharedSystem, Outputs:1, VendorId:0x10de
[2020.04.19-10.07.53:725][  0]LogD3D11RHI:    2. 'Microsoft Basic Render Driver' (Feature Level 11_0)
[2020.04.19-10.07.53:725][  0]LogD3D11RHI:       0/0/19451 MB DedicatedVideo/DedicatedSystem/SharedSystem, Outputs:0, VendorId:0x1414
[2020.04.19-10.07.53:725][  0]LogD3D11RHI: Chosen D3D11 Adapter: 0
[2020.04.19-10.07.53:736][  0]LogD3D11RHI: Creating new Direct3DDevice
[2020.04.19-10.07.53:736][  0]LogD3D11RHI:     GPU DeviceId: 0x1004 (for the marketing name, search the web for "GPU Device Id")
[2020.04.19-10.07.53:736][  0]LogWindows: EnumDisplayDevices:
[2020.04.19-10.07.53:737][  0]LogWindows:    0. 'NVIDIA GeForce GTX 780' (P:1 D:1)
[2020.04.19-10.07.53:737][  0]LogWindows:    1. 'NVIDIA GeForce GTX 780' (P:0 D:1)
[2020.04.19-10.07.53:737][  0]LogWindows:    2. 'NVIDIA GeForce GTX 780' (P:0 D:0)
[2020.04.19-10.07.53:738][  0]LogWindows:    3. 'NVIDIA GeForce GTX 780' (P:0 D:0)
[2020.04.19-10.07.53:738][  0]LogWindows:    4. 'NVIDIA Quadro K600' (P:0 D:1)
[2020.04.19-10.07.53:739][  0]LogWindows:    5. 'NVIDIA Quadro K600' (P:0 D:0)
[2020.04.19-10.07.53:739][  0]LogWindows: DebugString: PrimaryIsNotTheChoosenAdapter PrimaryIsNotTheChoosenAdapter FoundDriverCount:4 
[2020.04.19-10.07.53:739][  0]LogD3D11RHI:     Adapter Name: NVIDIA GeForce GTX 780
[2020.04.19-10.07.53:739][  0]LogD3D11RHI:   Driver Version: 445.75 (internal:26.21.14.4575, unified:445.75)
[2020.04.19-10.07.53:739][  0]LogD3D11RHI:      Driver Date: 3-17-2020
[2020.04.19-10.07.53:739][  0]LogRHI: Texture pool is 2120 MB (70% of 3029 MB)
[2020.04.19-10.07.53:808][  0]LogD3D11RHI: Async texture creation enabled
[2020.04.19-10.07.53:830][  0]LogD3D11RHI: GPU Timing Frequency: 1000.000000 (Debug: 2 1)
[2020.04.19-10.07.54:341][  0]LogTemp: Display: Module 'AllDesktopTargetPlatform' loaded TargetPlatform 'AllDesktop'
[2020.04.19-10.07.54:355][  0]LogTemp: Display: Module 'MacClientTargetPlatform' loaded TargetPlatform 'MacClient'
[2020.04.19-10.07.54:371][  0]LogTemp: Display: Module 'MacNoEditorTargetPlatform' loaded TargetPlatform 'MacNoEditor'
[2020.04.19-10.07.54:386][  0]LogTemp: Display: Module 'MacServerTargetPlatform' loaded TargetPlatform 'MacServer'
[2020.04.19-10.07.54:406][  0]LogTemp: Display: Module 'MacTargetPlatform' loaded TargetPlatform 'Mac'
[2020.04.19-10.07.54:421][  0]LogTemp: Display: Module 'WindowsClientTargetPlatform' loaded TargetPlatform 'WindowsClient'
[2020.04.19-10.07.54:438][  0]LogTemp: Display: Module 'WindowsNoEditorTargetPlatform' loaded TargetPlatform 'WindowsNoEditor'
[2020.04.19-10.07.54:453][  0]LogTemp: Display: Module 'WindowsServerTargetPlatform' loaded TargetPlatform 'WindowsServer'
[2020.04.19-10.07.54:462][  0]LogTemp: Display: Module 'WindowsTargetPlatform' loaded TargetPlatform 'Windows'
[2020.04.19-10.07.54:517][  0]LogTemp: Display: Module 'AndroidTargetPlatform' loaded TargetPlatform 'Android'
[2020.04.19-10.07.54:517][  0]LogTemp: Display: Module 'AndroidTargetPlatform' loaded TargetPlatform 'Android_ASTC'
[2020.04.19-10.07.54:517][  0]LogTemp: Display: Module 'AndroidTargetPlatform' loaded TargetPlatform 'Android_ATC'
[2020.04.19-10.07.54:517][  0]LogTemp: Display: Module 'AndroidTargetPlatform' loaded TargetPlatform 'Android_DXT'
[2020.04.19-10.07.54:517][  0]LogTemp: Display: Module 'AndroidTargetPlatform' loaded TargetPlatform 'Android_ETC1'
[2020.04.19-10.07.54:517][  0]LogTemp: Display: Module 'AndroidTargetPlatform' loaded TargetPlatform 'Android_ETC1a'
[2020.04.19-10.07.54:517][  0]LogTemp: Display: Module 'AndroidTargetPlatform' loaded TargetPlatform 'Android_ETC2'
[2020.04.19-10.07.54:517][  0]LogTemp: Display: Module 'AndroidTargetPlatform' loaded TargetPlatform 'Android_PVRTC'
[2020.04.19-10.07.54:517][  0]LogTemp: Display: Module 'AndroidTargetPlatform' loaded TargetPlatform 'AndroidClient'
[2020.04.19-10.07.54:517][  0]LogTemp: Display: Module 'AndroidTargetPlatform' loaded TargetPlatform 'Android_ASTCClient'
[2020.04.19-10.07.54:517][  0]LogTemp: Display: Module 'AndroidTargetPlatform' loaded TargetPlatform 'Android_ATCClient'
[2020.04.19-10.07.54:517][  0]LogTemp: Display: Module 'AndroidTargetPlatform' loaded TargetPlatform 'Android_DXTClient'
[2020.04.19-10.07.54:517][  0]LogTemp: Display: Module 'AndroidTargetPlatform' loaded TargetPlatform 'Android_ETC1Client'
[2020.04.19-10.07.54:517][  0]LogTemp: Display: Module 'AndroidTargetPlatform' loaded TargetPlatform 'Android_ETC1aClient'
[2020.04.19-10.07.54:517][  0]LogTemp: Display: Module 'AndroidTargetPlatform' loaded TargetPlatform 'Android_ETC2Client'
[2020.04.19-10.07.54:517][  0]LogTemp: Display: Module 'AndroidTargetPlatform' loaded TargetPlatform 'Android_PVRTCClient'
[2020.04.19-10.07.54:517][  0]LogTemp: Display: Module 'AndroidTargetPlatform' loaded TargetPlatform 'Android_Multi'
[2020.04.19-10.07.54:517][  0]LogTemp: Display: Module 'AndroidTargetPlatform' loaded TargetPlatform 'Android_MultiClient'
[2020.04.19-10.07.54:521][  0]LogTemp: Display: Module 'HTML5TargetPlatform' loaded TargetPlatform 'HTML5'
[2020.04.19-10.07.54:557][  0]LogTemp: Display: Module 'IOSTargetPlatform' loaded TargetPlatform 'IOSClient'
[2020.04.19-10.07.54:557][  0]LogTemp: Display: Module 'IOSTargetPlatform' loaded TargetPlatform 'IOS'
[2020.04.19-10.07.54:584][  0]LogTemp: Display: Module 'TVOSTargetPlatform' loaded TargetPlatform 'TVOSClient'
[2020.04.19-10.07.54:584][  0]LogTemp: Display: Module 'TVOSTargetPlatform' loaded TargetPlatform 'TVOS'
[2020.04.19-10.07.54:597][  0]LogTemp: Display: Module 'LinuxClientTargetPlatform' loaded TargetPlatform 'LinuxClient'
[2020.04.19-10.07.54:608][  0]LogTemp: Display: Module 'LinuxNoEditorTargetPlatform' loaded TargetPlatform 'LinuxNoEditor'
[2020.04.19-10.07.54:619][  0]LogTemp: Display: Module 'LinuxServerTargetPlatform' loaded TargetPlatform 'LinuxServer'
[2020.04.19-10.07.54:638][  0]LogTemp: Display: Module 'LinuxTargetPlatform' loaded TargetPlatform 'Linux'
[2020.04.19-10.07.54:680][  0]LogTemp: Display: Module 'LuminTargetPlatform' loaded TargetPlatform 'Lumin'
[2020.04.19-10.07.54:680][  0]LogTemp: Display: Module 'LuminTargetPlatform' loaded TargetPlatform 'LuminClient'
[2020.04.19-10.07.54:680][  0]LogTargetPlatformManager: Display: Building Assets For Windows
[2020.04.19-10.07.54:696][  0]LogAudioDebug: Display: Lib vorbis DLL was dynamically loaded.
[2020.04.19-10.07.54:785][  0]LogShaderCompilers: Guid format shader working directory is -18 characters bigger than the processId version (../../../../../../Users/Juergen/Documents/GitHub/gdd2_2020/CORONA/Intermediate/Shaders/WorkingDirectory/16668/).
[2020.04.19-10.07.54:785][  0]LogShaderCompilers: Cleaned the shader compiler working directory 'C:/Users/Juergen/AppData/Local/Temp/UnrealShaderWorkingDir/C1F1310845E765CB7B8CEBB5BA599BE8/'.
[2020.04.19-10.07.54:790][  0]LogXGEController: Cannot use XGE Controller as Incredibuild is not installed on this machine.
[2020.04.19-10.07.54:790][  0]LogShaderCompilers: Cannot use XGE Shader Compiler as Incredibuild is not installed on this machine.
[2020.04.19-10.07.54:790][  0]LogShaderCompilers: Display: Using Local Shader Compiler.
[2020.04.19-10.07.55:946][  0]LogDerivedDataCache: Display: Max Cache Size: 512 MB
[2020.04.19-10.07.56:029][  0]LogDerivedDataCache: Loaded boot cache 0.08s 73MB C:/Users/Juergen/AppData/Local/UnrealEngine/4.23/DerivedDataCache/Boot.ddc.
[2020.04.19-10.07.56:029][  0]LogDerivedDataCache: Display: Loaded Boot cache: C:/Users/Juergen/AppData/Local/UnrealEngine/4.23/DerivedDataCache/Boot.ddc
[2020.04.19-10.07.56:029][  0]LogDerivedDataCache: FDerivedDataBackendGraph:  Pak pak cache file ../../../../../../Users/Juergen/Documents/GitHub/gdd2_2020/CORONA/DerivedDataCache/DDC.ddp not found, will not use a pak cache.
[2020.04.19-10.07.56:029][  0]LogDerivedDataCache: Unable to find inner node Pak for hierarchical cache Hierarchy.
[2020.04.19-10.07.56:029][  0]LogDerivedDataCache: FDerivedDataBackendGraph:  CompressedPak pak cache file ../../../../../../Users/Juergen/Documents/GitHub/gdd2_2020/CORONA/DerivedDataCache/Compressed.ddp not found, will not use a pak cache.
[2020.04.19-10.07.56:029][  0]LogDerivedDataCache: Unable to find inner node CompressedPak for hierarchical cache Hierarchy.
[2020.04.19-10.07.56:046][  0]LogDerivedDataCache: Display: Pak cache opened for reading ../../../Engine/DerivedDataCache/Compressed.ddp.
[2020.04.19-10.07.56:046][  0]LogDerivedDataCache: FDerivedDataBackendGraph:  EnterprisePak pak cache file ../../../Enterprise/DerivedDataCache/Compressed.ddp not found, will not use a pak cache.
[2020.04.19-10.07.56:046][  0]LogDerivedDataCache: Unable to find inner node EnterprisePak for hierarchical cache Hierarchy.
[2020.04.19-10.07.56:048][  0]LogDerivedDataCache: Using Local data cache path C:/Users/Juergen/AppData/Local/UnrealEngine/Common/DerivedDataCache: Writable
[2020.04.19-10.07.56:048][  0]LogDerivedDataCache: Shared data cache path not found in *engine.ini, will not use an Shared cache.
[2020.04.19-10.07.56:048][  0]LogDerivedDataCache: Unable to find inner node Shared for hierarchical cache Hierarchy.
[2020.04.19-10.07.56:098][  0]LogMaterial: Verifying Global Shaders for PCD3D_SM5
[2020.04.19-10.07.56:104][  0]LogSlate: Using FreeType 2.6.0
[2020.04.19-10.07.56:105][  0]LogSlate: SlateFontServices - WITH_FREETYPE: 1, WITH_HARFBUZZ: 1
[2020.04.19-10.07.56:207][  0]LogAssetRegistry: FAssetRegistry took 0.0035 seconds to start up
[2020.04.19-10.07.56:739][  0]LogInit: Selected Device Profile: [Windows]
[2020.04.19-10.07.56:989][  0]LogMeshReduction: Using QuadricMeshReduction for automatic static mesh reduction
[2020.04.19-10.07.56:989][  0]LogMeshReduction: Using SimplygonMeshReduction for automatic skeletal mesh reduction
[2020.04.19-10.07.56:989][  0]LogMeshReduction: Using ProxyLODMeshReduction for automatic mesh merging
[2020.04.19-10.07.56:989][  0]LogMeshReduction: No distributed automatic mesh merging module available
[2020.04.19-10.07.56:989][  0]LogMeshMerging: No distributed automatic mesh merging module available
[2020.04.19-10.07.57:002][  0]LogNetVersion: CORONA 1.0.0, NetCL: 8386587, EngineNetVer: 11, GameNetVer: 0 (Checksum: 1456537476)
[2020.04.19-10.07.57:677][  0]LogPackageLocalizationCache: Processed 12 localized package path(s) for 1 prioritized culture(s) in 0.104042 seconds
[2020.04.19-10.07.57:689][  0]LogUObjectArray: 43444 objects as part of root set at end of initial load.
[2020.04.19-10.07.57:689][  0]LogUObjectAllocator: 7548648 out of 0 bytes used by permanent object pool.
[2020.04.19-10.07.57:689][  0]LogUObjectArray: CloseDisregardForGC: 0/0 objects in disregard for GC pool
[2020.04.19-10.07.59:191][  0]LogTcpMessaging: Initializing TcpMessaging bridge
[2020.04.19-10.07.59:197][  0]LogUdpMessaging: Initializing bridge on interface 0.0.0.0:0 to multicast group 230.0.0.1:6666.
[2020.04.19-10.07.59:294][  0]SourceControl: Source control is disabled
[2020.04.19-10.07.59:295][  0]SourceControl: Source control is disabled
[2020.04.19-10.07.59:297][  0]SourceControl: Source control is disabled
[2020.04.19-10.07.59:298][  0]SourceControl: Source control is disabled
[2020.04.19-10.07.59:456][  0]LogAndroidPermission: UAndroidPermissionCallbackProxy::GetInstance
[2020.04.19-10.07.59:818][  0]LogOcInput: OculusInput pre-init called
[2020.04.19-10.07.59:832][  0]LogWindows: Failed to load 'OVRPlugin.dll' (GetLastError=126)
[2020.04.19-10.07.59:832][  0]LogWindows: File 'OVRPlugin.dll' does not exist
[2020.04.19-10.07.59:949][  0]LogEngine: Initializing Engine...
[2020.04.19-10.07.59:951][  0]LogHMD: Failed to initialize OpenVR with code 110
[2020.04.19-10.07.59:953][  0]LogStats: UGameplayTagsManager::InitializeManager -  0.000 s
[2020.04.19-10.08.00:479][  0]LogInit: Initializing FReadOnlyCVARCache
[2020.04.19-10.08.00:510][  0]LogAIModule: Creating AISystem for world Untitled
[2020.04.19-10.08.00:605][  0]LogInit: XAudio2 using 'Lautsprecher (Creative SB X-Fi)' : 6 channels at 48 kHz using 32 bits per sample (channel mask 0x3f)
[2020.04.19-10.08.00:652][  0]LogInit: FAudioDevice initialized.
[2020.04.19-10.08.00:652][  0]LogNetVersion: Set ProjectVersion to 1.0.0.0. Version Checksum will be recalculated on next use.
[2020.04.19-10.08.00:804][  0]LogDerivedDataCache: Saved boot cache 0.15s 73MB C:/Users/Juergen/AppData/Local/UnrealEngine/4.23/DerivedDataCache/Boot.ddc.
[2020.04.19-10.08.00:805][  0]LogInit: Texture streaming: Enabled
[2020.04.19-10.08.00:853][  0]LogEngineSessionManager: EngineSessionManager initialized
[2020.04.19-10.08.00:854][  0]LogEditorSessionSummary: Verbose: Initializing EditorSessionSummaryWriter for editor session tracking
[2020.04.19-10.08.00:857][  0]LogEditorSessionSummary: EditorSessionSummaryWriter initialized
[2020.04.19-10.08.00:959][  0]LogInit: Transaction tracking system initialized
[2020.04.19-10.08.01:033][  0]BlueprintLog: New page: Editor Load
[2020.04.19-10.08.01:185][  0]LocalizationService: Localization service is disabled
[2020.04.19-10.08.01:677][  0]LogFileCache: Scanning file cache for directory 'C:/Users/Juergen/Documents/GitHub/gdd2_2020/CORONA/Content/' took 0.01s
[2020.04.19-10.08.01:677][  0]LogCook: Display: Max memory allowance for cook 16384mb min free memory 0mb
[2020.04.19-10.08.01:678][  0]LogCook: Display: Mobile HDR setting 1
[2020.04.19-10.08.02:061][  0]SourceControl: Source control is disabled
[2020.04.19-10.08.02:061][  0]Cmd: MAP LOAD FILE="../../../../../../Users/Juergen/Documents/GitHub/gdd2_2020/CORONA/Content/StarterContent/Maps/Minimal_Default.umap" TEMPLATE=0 SHOWPROGRESS=1 FEATURELEVEL=3
[2020.04.19-10.08.02:062][  0]LightingResults: New page: Lighting Build
[2020.04.19-10.08.02:068][  0]LogWorld: UWorld::CleanupWorld for Untitled, bSessionEnded=true, bCleanupResources=true
[2020.04.19-10.08.02:068][  0]MapCheck: New page: Map Check
[2020.04.19-10.08.02:068][  0]LightingResults: New page: Lighting Build
[2020.04.19-10.08.02:103][  0]LogUObjectHash: Compacting FUObjectHashTables data took   3.68ms
[2020.04.19-10.08.02:788][  0]LogAIModule: Creating AISystem for world Minimal_Default
[2020.04.19-10.08.02:808][  0]LogEditorServer: Finished looking for orphan Actors (0.000 secs)
[2020.04.19-10.08.02:851][  0]LogUObjectHash: Compacting FUObjectHashTables data took   5.82ms
[2020.04.19-10.08.02:851][  0]Cmd: MAP CHECKDEP NOCLEARLOG
[2020.04.19-10.08.02:852][  0]MapCheck: Map check complete: 0 Error(s), 0 Warning(s), took 0,467ms to complete.
[2020.04.19-10.08.02:852][  0]LogFileHelpers: Loading map 'Minimal_Default' took 0.791
[2020.04.19-10.08.03:056][  0]LogSlate: Updating window title bar state: overlay mode, drag disabled, window buttons hidden, title bar hidden
[2020.04.19-10.08.03:073][  0]LogSlate: Updating window title bar state: overlay mode, drag disabled, window buttons hidden, title bar hidden
[2020.04.19-10.08.03:088][  0]LogSlate: Updating window title bar state: overlay mode, drag disabled, window buttons hidden, title bar hidden
[2020.04.19-10.08.03:106][  0]LogSlate: Updating window title bar state: overlay mode, drag disabled, window buttons hidden, title bar hidden
[2020.04.19-10.08.03:128][  0]LogCollectionManager: Loaded 0 collections in 0.005562 seconds
[2020.04.19-10.08.03:147][  0]LogFileCache: Scanning file cache for directory 'C:/Users/Juergen/Documents/GitHub/gdd2_2020/CORONA/Saved/Collections/' took 0.00s
[2020.04.19-10.08.03:147][  0]LogFileCache: Scanning file cache for directory 'C:/Users/Juergen/Documents/GitHub/gdd2_2020/CORONA/Content/Developers/Juergen/Collections/' took 0.00s
[2020.04.19-10.08.03:147][  0]LogFileCache: Scanning file cache for directory 'C:/Users/Juergen/Documents/GitHub/gdd2_2020/CORONA/Content/Collections/' took 0.00s
[2020.04.19-10.08.03:147][  0]LogCollectionManager: Rebuilt the GUID cache for 0 collections in 0.000007 seconds
[2020.04.19-10.08.03:165][  0]LogContentBrowser: Native class hierarchy populated in 0.0169 seconds. Added 2863 classes and 680 folders.
[2020.04.19-10.08.03:181][  0]LogContentBrowser: Native class hierarchy updated for 'WidgetCarousel' in 0.0004 seconds. Added 0 classes and 0 folders.
[2020.04.19-10.08.03:678][  0]LogContentBrowser: Native class hierarchy updated for 'AddContentDialog' in 0.0004 seconds. Added 0 classes and 0 folders.
[2020.04.19-10.08.03:713][  0]LogContentBrowser: Native class hierarchy updated for 'SceneOutliner' in 0.0004 seconds. Added 1 classes and 2 folders.
[2020.04.19-10.08.03:778][  0]LogSlate: Took 0.000283 seconds to synchronously load lazily loaded font '../../../Engine/Content/Slate/Fonts/Roboto-Regular.ttf' (155K)
[2020.04.19-10.08.03:782][  0]LogSlate: Took 0.000223 seconds to synchronously load lazily loaded font '../../../Engine/Content/Slate/Fonts/Roboto-Bold.ttf' (160K)
[2020.04.19-10.08.03:797][  0]LogSlate: Took 0.003886 seconds to synchronously load lazily loaded font '../../../Engine/Content/Editor/Slate/Fonts/FontAwesome.ttf' (139K)
[2020.04.19-10.08.03:981][  0]LogRenderer: Reallocating scene render targets to support 1288x628 Format 10 NumSamples 1 (Frame:1).
[2020.04.19-10.08.04:245][  0]LogContentBrowser: Native class hierarchy updated for 'HierarchicalLODOutliner' in 0.0003 seconds. Added 0 classes and 0 folders.
[2020.04.19-10.08.04:245][  0]LogLoad: (Engine Initialization) Total time: 14.19 seconds
[2020.04.19-10.08.04:245][  0]LogLoad: (Engine Initialization) Total Blueprint compile time: 0.00 seconds
[2020.04.19-10.08.04:311][  0]LogContentStreaming: Texture pool size now 1000 MB
[2020.04.19-10.08.04:369][  0]LogSlate: Took 0.003680 seconds to synchronously load lazily loaded font '../../../Engine/Content/Slate/Fonts/Roboto-Light.ttf' (167K)
[2020.04.19-10.08.04:601][  2]LogAssetRegistry: Asset discovery search completed in 8.3958 seconds
[2020.04.19-10.08.04:609][  2]LogCollectionManager: Rebuilt the object cache for 0 collections in 0.000012 seconds (found 0 objects)
[2020.04.19-10.08.04:609][  2]LogCollectionManager: Fixed up redirectors for 0 collections in 0.000127 seconds (updated 0 objects)
[2020.04.19-10.08.05:295][ 60]LogSlate: Took 0.000334 seconds to synchronously load lazily loaded font '../../../Engine/Content/Slate/Fonts/Roboto-Light.ttf' (167K)
[2020.04.19-10.08.15:236][486]LogSlate: FSceneViewport::OnFocusLost() reason 0
[2020.04.19-10.08.30:126][625]LogSlate: Took 0.004491 seconds to synchronously load lazily loaded font '../../../Engine/Content/Slate/Fonts/Roboto-Italic.ttf' (157K)
[2020.04.19-10.08.32:303][772]LogSlate: FSceneViewport::OnFocusLost() reason 0
[2020.04.19-10.09.00:472][848]LogAssetEditorManager: Opening Asset editor for Blueprint /Game/StarterContent/Blueprints/BP_Corona.BP_Corona
[2020.04.19-10.09.01:050][848]LogContentBrowser: Native class hierarchy updated for 'BlueprintGraph' in 0.0008 seconds. Added 121 classes and 0 folders.
[2020.04.19-10.09.02:942][848]LogSlate: Took 0.003759 seconds to synchronously load lazily loaded font '../../../Engine/Content/Slate/Fonts/Roboto-BoldCondensed.ttf' (158K)
[2020.04.19-10.09.04:268][904]LogEditorSessionSummary: EditorSessionSummary sent report. Type=Shutdown, SessionId={34C672EA-4A64-A8AD-2C9F-6189D44ADF58}
[2020.04.19-10.10.57:213][303]LogEditorViewport: Clicking on Actor (LMB): BP_Curve_C (BP_Curve)
[2020.04.19-10.11.07:449][793]LogSlate: FSceneViewport::OnFocusLost() reason 0
[2020.04.19-10.11.19:308][375]LogEditorViewport: Clicking on Actor (LMB): BP_Camera_C (BP_Camera)
[2020.04.19-10.11.23:844][570]LogSlate: FSceneViewport::OnFocusLost() reason 0
[2020.04.19-10.13.29:445][518]LogSlate: FSceneViewport::OnFocusLost() reason 0
[2020.04.19-10.13.29:579][525]LogTemp: Repeating last play command: Selected Viewport
[2020.04.19-10.13.29:596][525]LogBlueprintUserMessages: Early PlayInEditor Detection: Level '/Game/StarterContent/Maps/Minimal_Default.Minimal_Default:PersistentLevel' has LevelScriptBlueprint '/Game/StarterContent/Maps/Minimal_Default.Minimal_Default:PersistentLevel.Minimal_Default' with GeneratedClass '/Game/StarterContent/Maps/Minimal_Default.Minimal_Default_C' with ClassGeneratedBy '/Game/StarterContent/Maps/Minimal_Default.Minimal_Default:PersistentLevel.Minimal_Default'
[2020.04.19-10.13.29:597][525]LogPlayLevel: PlayLevel: No blueprints needed recompiling
[2020.04.19-10.13.29:598][525]PIE: New page: PIE session: Minimal_Default (19.04.2020 14:13:29)
[2020.04.19-10.13.29:599][525]LogOnline: OSS: Creating online subsystem instance for: NULL
[2020.04.19-10.13.29:601][525]LogPlayLevel: Creating play world package: /Game/StarterContent/Maps/UEDPIE_0_Minimal_Default
[2020.04.19-10.13.29:608][525]LogPlayLevel: PIE: StaticDuplicateObject took: (0.007138s)
[2020.04.19-10.13.29:610][525]LogAIModule: Creating AISystem for world Minimal_Default
[2020.04.19-10.13.29:610][525]LogPlayLevel: PIE: World Init took: (0.002014s)
[2020.04.19-10.13.29:610][525]LogPlayLevel: PIE: Created PIE world by copying editor world from /Game/StarterContent/Maps/Minimal_Default.Minimal_Default to /Game/StarterContent/Maps/UEDPIE_0_Minimal_Default.Minimal_Default (0.009512s)
[2020.04.19-10.13.29:663][525]LogUObjectHash: Compacting FUObjectHashTables data took   6.44ms
[2020.04.19-10.13.29:719][525]LogInit: XAudio2 using 'Lautsprecher (Creative SB X-Fi)' : 6 channels at 48 kHz using 32 bits per sample (channel mask 0x3f)
[2020.04.19-10.13.29:745][525]LogInit: FAudioDevice initialized.
[2020.04.19-10.13.29:763][525]LogLoad: Game class is 'GameModeBase'
[2020.04.19-10.13.29:766][525]LogWorld: Bringing World /Game/StarterContent/Maps/UEDPIE_0_Minimal_Default.Minimal_Default up for play (max tick rate 0) at 2020.04.19-12.13.29
[2020.04.19-10.13.29:766][525]LogWorld: Bringing up level for play took: 0.001611
[2020.04.19-10.13.29:766][525]LogOnline: OSS: Creating online subsystem instance for: :Context_5
[2020.04.19-10.13.29:780][525]LogContentBrowser: Native class hierarchy updated for 'MovieSceneCapture' in 0.0004 seconds. Added 20 classes and 0 folders.
[2020.04.19-10.13.29:783][525]PIE: Play in editor start time for /Game/StarterContent/Maps/UEDPIE_0_Minimal_Default -0,195
[2020.04.19-10.13.29:784][525]LogBlueprintUserMessages: Late PlayInEditor Detection: Level '/Game/StarterContent/Maps/Minimal_Default.Minimal_Default:PersistentLevel' has LevelScriptBlueprint '/Game/StarterContent/Maps/Minimal_Default.Minimal_Default:PersistentLevel.Minimal_Default' with GeneratedClass '/Game/StarterContent/Maps/Minimal_Default.Minimal_Default_C' with ClassGeneratedBy '/Game/StarterContent/Maps/Minimal_Default.Minimal_Default:PersistentLevel.Minimal_Default'
[2020.04.19-10.13.52:631][487]LogSlate: FSceneViewport::OnFocusLost() reason 0
[2020.04.19-10.13.52:703][491]LogBlueprintUserMessages: Early EndPlayMap Detection: Level '/Game/StarterContent/Maps/Minimal_Default.Minimal_Default:PersistentLevel' has LevelScriptBlueprint '/Game/StarterContent/Maps/Minimal_Default.Minimal_Default:PersistentLevel.Minimal_Default' with GeneratedClass '/Game/StarterContent/Maps/Minimal_Default.Minimal_Default_C' with ClassGeneratedBy '/Game/StarterContent/Maps/Minimal_Default.Minimal_Default:PersistentLevel.Minimal_Default'
[2020.04.19-10.13.52:703][491]LogSlate: Updating window title bar state: overlay mode, drag disabled, window buttons hidden, title bar hidden
[2020.04.19-10.13.52:704][491]LogWorld: BeginTearingDown for /Game/StarterContent/Maps/UEDPIE_0_Minimal_Default
[2020.04.19-10.13.52:706][491]LogWorld: UWorld::CleanupWorld for Minimal_Default, bSessionEnded=true, bCleanupResources=true
[2020.04.19-10.13.52:721][491]LogPlayLevel: Display: Shutting down PIE online subsystems
[2020.04.19-10.13.52:722][491]LogBlueprintUserMessages: Late EndPlayMap Detection: Level '/Game/StarterContent/Maps/Minimal_Default.Minimal_Default:PersistentLevel' has LevelScriptBlueprint '/Game/StarterContent/Maps/Minimal_Default.Minimal_Default:PersistentLevel.Minimal_Default' with GeneratedClass '/Game/StarterContent/Maps/Minimal_Default.Minimal_Default_C' with ClassGeneratedBy '/Game/StarterContent/Maps/Minimal_Default.Minimal_Default:PersistentLevel.Minimal_Default'
[2020.04.19-10.13.52:778][491]LogSlate: Updating window title bar state: overlay mode, drag disabled, window buttons hidden, title bar hidden
[2020.04.19-10.13.52:821][491]LogUObjectHash: Compacting FUObjectHashTables data took   7.70ms
[2020.04.19-10.13.52:923][492]LogPlayLevel: Display: Destroying online subsystem :Context_5
[2020.04.19-10.13.53:669][529]LogAssetEditorManager: Opening Asset editor for Blueprint /Game/StarterContent/Blueprints/BP_Curve.BP_Curve
[2020.04.19-10.14.03:572][  6]LogRenderer: Reallocating scene render targets to support 1288x708 Format 10 NumSamples 1 (Frame:1).
[2020.04.19-10.14.16:375][759]LogSlate: FSceneViewport::OnFocusLost() reason 0
[2020.04.19-10.14.19:011][907]LogEditorViewport: Clicking on Actor (LMB): BP_Sky_Sphere_C (BP_Sky_Sphere)
[2020.04.19-10.14.20:443][981]LogEditorViewport: Clicking on Actor (LMB): StaticMeshActor (Earth)
[2020.04.19-10.14.21:673][ 47]LogEditorViewport: Clicking on Actor (LMB): BP_Curve_C (BP_Curve2)
[2020.04.19-10.15.54:158][643]LogSlate: FSceneViewport::OnFocusLost() reason 5
[2020.04.19-10.18.05:228][383]LogEditorSessionSummary: EditorSessionSummary sent report. Type=Shutdown, SessionId={6A764058-443D-DA1D-F46E-B4866E1710B3}
[2020.04.19-10.18.27:777][450]LogUObjectHash: Compacting FUObjectHashTables data took   6.25ms
[2020.04.19-10.18.28:254][450]LogSavePackage: Moving '../../../../../../Users/Juergen/Documents/GitHub/gdd2_2020/CORONA/Saved/Minimal_Default_Auto1449F3802474147561D872CBBB8BABE6B.tmp' to '../../../../../../Users/Juergen/Documents/GitHub/gdd2_2020/CORONA/Saved/Autosaves/Game/StarterContent/Maps/Minimal_Default_Auto1.umap'
[2020.04.19-10.18.28:259][450]LogFileHelpers: Editor autosave (incl. sublevels) for '/Game/StarterContent/Maps/Minimal_Default' took 0.542
[2020.04.19-10.18.28:259][450]LogFileHelpers: Editor autosave (incl. sublevels) for all levels took 0.542
[2020.04.19-10.30.41:160][644]LogSlate: FSceneViewport::OnFocusLost() reason 5
[2020.04.19-10.30.44:046][792]LogSlate: FSceneViewport::OnFocusLost() reason 0
[2020.04.19-10.30.46:478][919]LogEditorViewport: Clicking on Actor (LMB): BP_Camera_C (BP_Camera)
[2020.04.19-10.30.51:508][140]LogSlate: FSceneViewport::OnFocusLost() reason 0
[2020.04.19-10.31.02:512][718]LogEditorViewport: Clicking on Actor (LMB): BP_Curve_C (BP_Curve)
[2020.04.19-10.31.03:870][785]LogEditorViewport: Clicking on Actor (LMB): BP_Curve_C (BP_Curve2)
[2020.04.19-10.31.05:657][876]LogSlate: FSceneViewport::OnFocusLost() reason 0
[2020.04.19-10.31.10:390][152]Cmd: DELETE
[2020.04.19-10.31.10:390][152]Cmd: ACTOR DELETE
[2020.04.19-10.31.10:395][152]LogEditorActor: Deleted Actor: BP_Curve_C
[2020.04.19-10.31.10:445][152]LogUObjectHash: Compacting FUObjectHashTables data took   6.37ms
[2020.04.19-10.31.10:445][152]LogEditorActor: Deleted 1 Actors (0.054 secs)
[2020.04.19-10.31.13:668][370]LogEditorViewport: Clicking on Actor (LMB): BP_Camera_C (BP_Camera)
[2020.04.19-10.31.26:381][ 21]LogSlate: FSceneViewport::OnFocusLost() reason 0
[2020.04.19-10.31.26:493][ 28]LogTemp: Repeating last play command: Selected Viewport
[2020.04.19-10.31.26:507][ 28]LogBlueprintUserMessages: Early PlayInEditor Detection: Level '/Game/StarterContent/Maps/Minimal_Default.Minimal_Default:PersistentLevel' has LevelScriptBlueprint '/Game/StarterContent/Maps/Minimal_Default.Minimal_Default:PersistentLevel.Minimal_Default' with GeneratedClass '/Game/StarterContent/Maps/Minimal_Default.Minimal_Default_C' with ClassGeneratedBy '/Game/StarterContent/Maps/Minimal_Default.Minimal_Default:PersistentLevel.Minimal_Default'
[2020.04.19-10.31.26:507][ 28]LogPlayLevel: PlayLevel: No blueprints needed recompiling
[2020.04.19-10.31.26:508][ 28]PIE: New page: PIE session: Minimal_Default (19.04.2020 14:31:26)
[2020.04.19-10.31.26:508][ 28]LogPlayLevel: Creating play world package: /Game/StarterContent/Maps/UEDPIE_0_Minimal_Default
[2020.04.19-10.31.26:517][ 28]LogPlayLevel: PIE: StaticDuplicateObject took: (0.009580s)
[2020.04.19-10.31.26:519][ 28]LogAIModule: Creating AISystem for world Minimal_Default
[2020.04.19-10.31.26:519][ 28]LogPlayLevel: PIE: World Init took: (0.001941s)
[2020.04.19-10.31.26:519][ 28]LogPlayLevel: PIE: Created PIE world by copying editor world from /Game/StarterContent/Maps/Minimal_Default.Minimal_Default to /Game/StarterContent/Maps/UEDPIE_0_Minimal_Default.Minimal_Default (0.011719s)
[2020.04.19-10.31.26:566][ 28]LogUObjectHash: Compacting FUObjectHashTables data took   5.37ms
[2020.04.19-10.31.26:615][ 28]LogInit: XAudio2 using 'Lautsprecher (Creative SB X-Fi)' : 6 channels at 48 kHz using 32 bits per sample (channel mask 0x3f)
[2020.04.19-10.31.26:639][ 28]LogInit: FAudioDevice initialized.
[2020.04.19-10.31.26:650][ 28]LogLoad: Game class is 'GameModeBase'
[2020.04.19-10.31.26:652][ 28]LogWorld: Bringing World /Game/StarterContent/Maps/UEDPIE_0_Minimal_Default.Minimal_Default up for play (max tick rate 0) at 2020.04.19-12.31.26
[2020.04.19-10.31.26:652][ 28]LogWorld: Bringing up level for play took: 0.001417
[2020.04.19-10.31.26:652][ 28]LogOnline: OSS: Creating online subsystem instance for: :Context_7
[2020.04.19-10.31.26:657][ 28]PIE: Play in editor start time for /Game/StarterContent/Maps/UEDPIE_0_Minimal_Default 0,678
[2020.04.19-10.31.26:657][ 28]LogBlueprintUserMessages: Late PlayInEditor Detection: Level '/Game/StarterContent/Maps/Minimal_Default.Minimal_Default:PersistentLevel' has LevelScriptBlueprint '/Game/StarterContent/Maps/Minimal_Default.Minimal_Default:PersistentLevel.Minimal_Default' with GeneratedClass '/Game/StarterContent/Maps/Minimal_Default.Minimal_Default_C' with ClassGeneratedBy '/Game/StarterContent/Maps/Minimal_Default.Minimal_Default:PersistentLevel.Minimal_Default'
[2020.04.19-10.31.39:828][813]LogSlate: FSceneViewport::OnFocusLost() reason 0
[2020.04.19-10.31.39:939][820]LogBlueprintUserMessages: Early EndPlayMap Detection: Level '/Game/StarterContent/Maps/Minimal_Default.Minimal_Default:PersistentLevel' has LevelScriptBlueprint '/Game/StarterContent/Maps/Minimal_Default.Minimal_Default:PersistentLevel.Minimal_Default' with GeneratedClass '/Game/StarterContent/Maps/Minimal_Default.Minimal_Default_C' with ClassGeneratedBy '/Game/StarterContent/Maps/Minimal_Default.Minimal_Default:PersistentLevel.Minimal_Default'
[2020.04.19-10.31.39:940][820]LogSlate: Updating window title bar state: overlay mode, drag disabled, window buttons hidden, title bar hidden
[2020.04.19-10.31.39:940][820]LogWorld: BeginTearingDown for /Game/StarterContent/Maps/UEDPIE_0_Minimal_Default
[2020.04.19-10.31.39:942][820]LogWorld: UWorld::CleanupWorld for Minimal_Default, bSessionEnded=true, bCleanupResources=true
[2020.04.19-10.31.39:959][820]LogPlayLevel: Display: Shutting down PIE online subsystems
[2020.04.19-10.31.39:959][820]LogBlueprintUserMessages: Late EndPlayMap Detection: Level '/Game/StarterContent/Maps/Minimal_Default.Minimal_Default:PersistentLevel' has LevelScriptBlueprint '/Game/StarterContent/Maps/Minimal_Default.Minimal_Default:PersistentLevel.Minimal_Default' with GeneratedClass '/Game/StarterContent/Maps/Minimal_Default.Minimal_Default_C' with ClassGeneratedBy '/Game/StarterContent/Maps/Minimal_Default.Minimal_Default:PersistentLevel.Minimal_Default'
[2020.04.19-10.31.40:021][820]LogSlate: Updating window title bar state: overlay mode, drag disabled, window buttons hidden, title bar hidden
[2020.04.19-10.31.40:033][820]LogUObjectHash: Compacting FUObjectHashTables data took   8.76ms
[2020.04.19-10.31.40:095][821]LogPlayLevel: Display: Destroying online subsystem :Context_7
[2020.04.19-10.31.40:689][857]LogTemp: Repeating last play command: Selected Viewport
[2020.04.19-10.31.40:703][857]LogBlueprintUserMessages: Early PlayInEditor Detection: Level '/Game/StarterContent/Maps/Minimal_Default.Minimal_Default:PersistentLevel' has LevelScriptBlueprint '/Game/StarterContent/Maps/Minimal_Default.Minimal_Default:PersistentLevel.Minimal_Default' with GeneratedClass '/Game/StarterContent/Maps/Minimal_Default.Minimal_Default_C' with ClassGeneratedBy '/Game/StarterContent/Maps/Minimal_Default.Minimal_Default:PersistentLevel.Minimal_Default'
[2020.04.19-10.31.40:703][857]LogPlayLevel: PlayLevel: No blueprints needed recompiling
[2020.04.19-10.31.40:703][857]PIE: New page: PIE session: Minimal_Default (19.04.2020 14:31:40)
[2020.04.19-10.31.40:703][857]LogPlayLevel: Creating play world package: /Game/StarterContent/Maps/UEDPIE_0_Minimal_Default
[2020.04.19-10.31.40:710][857]LogPlayLevel: PIE: StaticDuplicateObject took: (0.006386s)
[2020.04.19-10.31.40:711][857]LogAIModule: Creating AISystem for world Minimal_Default
[2020.04.19-10.31.40:711][857]LogPlayLevel: PIE: World Init took: (0.001446s)
[2020.04.19-10.31.40:711][857]LogPlayLevel: PIE: Created PIE world by copying editor world from /Game/StarterContent/Maps/Minimal_Default.Minimal_Default to /Game/StarterContent/Maps/UEDPIE_0_Minimal_Default.Minimal_Default (0.008040s)
[2020.04.19-10.31.40:762][857]LogUObjectHash: Compacting FUObjectHashTables data took   6.25ms
[2020.04.19-10.31.40:809][857]LogInit: XAudio2 using 'Lautsprecher (Creative SB X-Fi)' : 6 channels at 48 kHz using 32 bits per sample (channel mask 0x3f)
[2020.04.19-10.31.40:833][857]LogInit: FAudioDevice initialized.
[2020.04.19-10.31.40:841][857]LogLoad: Game class is 'GameModeBase'
[2020.04.19-10.31.40:843][857]LogWorld: Bringing World /Game/StarterContent/Maps/UEDPIE_0_Minimal_Default.Minimal_Default up for play (max tick rate 0) at 2020.04.19-12.31.40
[2020.04.19-10.31.40:844][857]LogWorld: Bringing up level for play took: 0.001334
[2020.04.19-10.31.40:844][857]LogOnline: OSS: Creating online subsystem instance for: :Context_8
[2020.04.19-10.31.40:847][857]PIE: Play in editor start time for /Game/StarterContent/Maps/UEDPIE_0_Minimal_Default 0,868
[2020.04.19-10.31.40:847][857]LogBlueprintUserMessages: Late PlayInEditor Detection: Level '/Game/StarterContent/Maps/Minimal_Default.Minimal_Default:PersistentLevel' has LevelScriptBlueprint '/Game/StarterContent/Maps/Minimal_Default.Minimal_Default:PersistentLevel.Minimal_Default' with GeneratedClass '/Game/StarterContent/Maps/Minimal_Default.Minimal_Default_C' with ClassGeneratedBy '/Game/StarterContent/Maps/Minimal_Default.Minimal_Default:PersistentLevel.Minimal_Default'
[2020.04.19-10.32.05:261][555]LogBlueprintUserMessages: Early EndPlayMap Detection: Level '/Game/StarterContent/Maps/Minimal_Default.Minimal_Default:PersistentLevel' has LevelScriptBlueprint '/Game/StarterContent/Maps/Minimal_Default.Minimal_Default:PersistentLevel.Minimal_Default' with GeneratedClass '/Game/StarterContent/Maps/Minimal_Default.Minimal_Default_C' with ClassGeneratedBy '/Game/StarterContent/Maps/Minimal_Default.Minimal_Default:PersistentLevel.Minimal_Default'
[2020.04.19-10.32.05:261][555]LogSlate: Updating window title bar state: overlay mode, drag disabled, window buttons hidden, title bar hidden
[2020.04.19-10.32.05:261][555]LogWorld: BeginTearingDown for /Game/StarterContent/Maps/UEDPIE_0_Minimal_Default
[2020.04.19-10.32.05:262][555]LogWorld: UWorld::CleanupWorld for Minimal_Default, bSessionEnded=true, bCleanupResources=true
[2020.04.19-10.32.05:279][555]LogPlayLevel: Display: Shutting down PIE online subsystems
[2020.04.19-10.32.05:279][555]LogBlueprintUserMessages: Late EndPlayMap Detection: Level '/Game/StarterContent/Maps/Minimal_Default.Minimal_Default:PersistentLevel' has LevelScriptBlueprint '/Game/StarterContent/Maps/Minimal_Default.Minimal_Default:PersistentLevel.Minimal_Default' with GeneratedClass '/Game/StarterContent/Maps/Minimal_Default.Minimal_Default_C' with ClassGeneratedBy '/Game/StarterContent/Maps/Minimal_Default.Minimal_Default:PersistentLevel.Minimal_Default'
[2020.04.19-10.32.05:336][555]LogSlate: Updating window title bar state: overlay mode, drag disabled, window buttons hidden, title bar hidden
[2020.04.19-10.32.05:343][555]LogUObjectHash: Compacting FUObjectHashTables data took   5.48ms
[2020.04.19-10.32.05:396][556]LogPlayLevel: Display: Destroying online subsystem :Context_8
[2020.04.19-10.32.08:402][746]LogSlate: FSceneViewport::OnFocusLost() reason 0
[2020.04.19-10.32.08:543][753]LogAssetEditorManager: Opening Asset editor for Blueprint /Game/StarterContent/Blueprints/BP_Camera.BP_Camera
[2020.04.19-10.32.18:213][217]LogWorld: UWorld::CleanupWorld for World_5, bSessionEnded=true, bCleanupResources=true
[2020.04.19-10.32.19:549][293]LogActorComponent: UnregisterComponent: (/Engine/Transient.EditorFloorComp) Not registered. Aborting.
[2020.04.19-10.32.19:549][293]LogWorld: UWorld::CleanupWorld for World_4, bSessionEnded=true, bCleanupResources=true
[2020.04.19-10.33.32:026][690]LogSlate: Took 0.005462 seconds to synchronously load lazily loaded font '../../../Engine/Content/Slate/Fonts/Roboto-BoldCondensedItalic.ttf' (160K)
[2020.04.19-10.34.23:369][809]BlueprintLog: New page: Compile BP_Corona
[2020.04.19-10.34.23:790][809]LogUObjectHash: Compacting FUObjectHashTables data took   8.59ms
[2020.04.19-10.34.25:662][927]LogSavePackage: Moving '../../../../../../Users/Juergen/Documents/GitHub/gdd2_2020/CORONA/Saved/BP_CoronaFAC7BB0D46FB8106230E9495E243300F.tmp' to '../../../../../../Users/Juergen/Documents/GitHub/gdd2_2020/CORONA/Content/StarterContent/Blueprints/BP_Corona.uasset'
[2020.04.19-10.35.01:585][756]LogAssetEditorManager: Opening Asset editor for Blueprint /Game/StarterContent/Blueprints/BP_Curve.BP_Curve
[2020.04.19-10.35.30:445][235]LogSlate: FSceneViewport::OnFocusLost() reason 0
[2020.04.19-10.35.56:401][239]LogSlate: FSceneViewport::OnFocusLost() reason 5
[2020.04.19-10.35.56:534][239]LogUObjectHash: Compacting FUObjectHashTables data took   7.26ms
[2020.04.19-10.35.56:851][239]LogSavePackage: Moving '../../../../../../Users/Juergen/Documents/GitHub/gdd2_2020/CORONA/Saved/Minimal_Default_Auto24B3B7F644FAEB40B1213E08925C6E252.tmp' to '../../../../../../Users/Juergen/Documents/GitHub/gdd2_2020/CORONA/Saved/Autosaves/Game/StarterContent/Maps/Minimal_Default_Auto2.umap'
[2020.04.19-10.35.56:855][239]LogFileHelpers: Editor autosave (incl. sublevels) for '/Game/StarterContent/Maps/Minimal_Default' took 0.422
[2020.04.19-10.35.56:855][239]LogFileHelpers: Editor autosave (incl. sublevels) for all levels took 0.422
[2020.04.19-10.36.11:123][362]LogSlate: FSceneViewport::OnFocusLost() reason 0
[2020.04.19-10.36.25:393][323]Cmd: DELETE
[2020.04.19-10.36.25:393][323]Cmd: ACTOR DELETE
[2020.04.19-10.36.25:395][323]LogEditorActor: Deleted Actor: BP_Curve_C
[2020.04.19-10.36.25:442][323]LogUObjectHash: Compacting FUObjectHashTables data took   4.93ms
[2020.04.19-10.36.25:442][323]LogEditorActor: Deleted 1 Actors (0.050 secs)
[2020.04.19-10.36.58:432][981]LogEditorViewport: Clicking on Actor (LMB): BP_Camera_C (BP_Camera)
[2020.04.19-10.37.29:296][186]LogSlate: FSceneViewport::OnFocusLost() reason 5
[2020.04.19-10.37.47:459][421]LogSlate: FSceneViewport::OnFocusLost() reason 5
[2020.04.19-10.37.53:411][534]LogTemp: Repeating last play command: Selected Viewport
[2020.04.19-10.37.53:429][534]LogBlueprintUserMessages: Early PlayInEditor Detection: Level '/Game/StarterContent/Maps/Minimal_Default.Minimal_Default:PersistentLevel' has LevelScriptBlueprint '/Game/StarterContent/Maps/Minimal_Default.Minimal_Default:PersistentLevel.Minimal_Default' with GeneratedClass '/Game/StarterContent/Maps/Minimal_Default.Minimal_Default_C' with ClassGeneratedBy '/Game/StarterContent/Maps/Minimal_Default.Minimal_Default:PersistentLevel.Minimal_Default'
[2020.04.19-10.37.53:429][534]LogPlayLevel: PlayLevel: No blueprints needed recompiling
[2020.04.19-10.37.53:429][534]PIE: New page: PIE session: Minimal_Default (19.04.2020 14:37:53)
[2020.04.19-10.37.53:429][534]LogPlayLevel: Creating play world package: /Game/StarterContent/Maps/UEDPIE_0_Minimal_Default
[2020.04.19-10.37.53:438][534]LogPlayLevel: PIE: StaticDuplicateObject took: (0.008243s)
[2020.04.19-10.37.53:439][534]LogAIModule: Creating AISystem for world Minimal_Default
[2020.04.19-10.37.53:439][534]LogPlayLevel: PIE: World Init took: (0.001873s)
[2020.04.19-10.37.53:440][534]LogPlayLevel: PIE: Created PIE world by copying editor world from /Game/StarterContent/Maps/Minimal_Default.Minimal_Default to /Game/StarterContent/Maps/UEDPIE_0_Minimal_Default.Minimal_Default (0.010319s)
[2020.04.19-10.37.53:489][534]LogUObjectHash: Compacting FUObjectHashTables data took   6.28ms
[2020.04.19-10.37.53:543][534]LogInit: XAudio2 using 'Lautsprecher (Creative SB X-Fi)' : 6 channels at 48 kHz using 32 bits per sample (channel mask 0x3f)
[2020.04.19-10.37.53:568][534]LogInit: FAudioDevice initialized.
[2020.04.19-10.37.53:581][534]LogLoad: Game class is 'GameModeBase'
[2020.04.19-10.37.53:583][534]LogWorld: Bringing World /Game/StarterContent/Maps/UEDPIE_0_Minimal_Default.Minimal_Default up for play (max tick rate 0) at 2020.04.19-12.37.53
[2020.04.19-10.37.53:583][534]LogWorld: Bringing up level for play took: 0.001329
[2020.04.19-10.37.53:584][534]LogOnline: OSS: Creating online subsystem instance for: :Context_11
[2020.04.19-10.37.53:588][534]PIE: Play in editor start time for /Game/StarterContent/Maps/UEDPIE_0_Minimal_Default -0,391
[2020.04.19-10.37.53:588][534]LogBlueprintUserMessages: Late PlayInEditor Detection: Level '/Game/StarterContent/Maps/Minimal_Default.Minimal_Default:PersistentLevel' has LevelScriptBlueprint '/Game/StarterContent/Maps/Minimal_Default.Minimal_Default:PersistentLevel.Minimal_Default' with GeneratedClass '/Game/StarterContent/Maps/Minimal_Default.Minimal_Default_C' with ClassGeneratedBy '/Game/StarterContent/Maps/Minimal_Default.Minimal_Default:PersistentLevel.Minimal_Default'
[2020.04.19-10.38.02:457][506]LogBlueprintUserMessages: Early EndPlayMap Detection: Level '/Game/StarterContent/Maps/Minimal_Default.Minimal_Default:PersistentLevel' has LevelScriptBlueprint '/Game/StarterContent/Maps/Minimal_Default.Minimal_Default:PersistentLevel.Minimal_Default' with GeneratedClass '/Game/StarterContent/Maps/Minimal_Default.Minimal_Default_C' with ClassGeneratedBy '/Game/StarterContent/Maps/Minimal_Default.Minimal_Default:PersistentLevel.Minimal_Default'
[2020.04.19-10.38.02:458][506]LogSlate: Updating window title bar state: overlay mode, drag disabled, window buttons hidden, title bar hidden
[2020.04.19-10.38.02:458][506]LogWorld: BeginTearingDown for /Game/StarterContent/Maps/UEDPIE_0_Minimal_Default
[2020.04.19-10.38.02:458][506]LogWorld: UWorld::CleanupWorld for Minimal_Default, bSessionEnded=true, bCleanupResources=true
[2020.04.19-10.38.02:473][506]LogPlayLevel: Display: Shutting down PIE online subsystems
[2020.04.19-10.38.02:473][506]LogBlueprintUserMessages: Late EndPlayMap Detection: Level '/Game/StarterContent/Maps/Minimal_Default.Minimal_Default:PersistentLevel' has LevelScriptBlueprint '/Game/StarterContent/Maps/Minimal_Default.Minimal_Default:PersistentLevel.Minimal_Default' with GeneratedClass '/Game/StarterContent/Maps/Minimal_Default.Minimal_Default_C' with ClassGeneratedBy '/Game/StarterContent/Maps/Minimal_Default.Minimal_Default:PersistentLevel.Minimal_Default'
[2020.04.19-10.38.02:526][506]LogSlate: Updating window title bar state: overlay mode, drag disabled, window buttons hidden, title bar hidden
[2020.04.19-10.38.02:532][506]LogUObjectHash: Compacting FUObjectHashTables data took   4.31ms
[2020.04.19-10.38.02:556][507]LogPlayLevel: Display: Destroying online subsystem :Context_11
